0 info it worked if it ends with ok
1 verbose cli [ '/usr/local/bin/node',
1 verbose cli   '/usr/local/bin/npm',
1 verbose cli   'install',
1 verbose cli   'Autobahn' ]
2 info using npm@1.4.28
3 info using node@v0.10.32
4 warn package.json websocket.io@0.2.1 No repository field.
5 verbose cache add [ 'Autobahn', null ]
6 verbose cache add name=undefined spec="Autobahn" args=["Autobahn",null]
7 verbose parsed url { protocol: null,
7 verbose parsed url   slashes: null,
7 verbose parsed url   auth: null,
7 verbose parsed url   host: null,
7 verbose parsed url   port: null,
7 verbose parsed url   hostname: null,
7 verbose parsed url   hash: null,
7 verbose parsed url   search: null,
7 verbose parsed url   query: null,
7 verbose parsed url   pathname: 'Autobahn',
7 verbose parsed url   path: 'Autobahn',
7 verbose parsed url   href: 'Autobahn' }
8 silly lockFile d2c9f448-Autobahn Autobahn
9 verbose lock Autobahn /root/.npm/d2c9f448-Autobahn.lock
10 silly lockFile d2c9f448-Autobahn Autobahn
11 silly lockFile d2c9f448-Autobahn Autobahn
12 verbose addNamed [ 'Autobahn', '' ]
13 verbose addNamed [ null, '*' ]
14 silly lockFile 916542fc-Autobahn Autobahn@
15 verbose lock Autobahn@ /root/.npm/916542fc-Autobahn.lock
16 silly addNameRange { name: 'Autobahn', range: '*', hasData: false }
17 verbose request where is /Autobahn
18 verbose request registry https://registry.npmjs.org/
19 verbose request id 1936d8c33f668d98
20 verbose url raw /Autobahn
21 verbose url resolving [ 'https://registry.npmjs.org/', './Autobahn' ]
22 verbose url resolved https://registry.npmjs.org/Autobahn
23 verbose request where is https://registry.npmjs.org/Autobahn
24 info trying registry request attempt 1 at 12:59:17
25 http GET https://registry.npmjs.org/Autobahn
26 http 404 https://registry.npmjs.org/Autobahn
27 verbose headers { server: 'CouchDB/1.5.0 (Erlang OTP/R16B03)',
27 verbose headers   'content-type': 'application/json',
27 verbose headers   'cache-control': 'max-age=0',
27 verbose headers   'content-length': '51',
27 verbose headers   'accept-ranges': 'bytes',
27 verbose headers   date: 'Mon, 08 Jun 2015 10:59:18 GMT',
27 verbose headers   via: '1.1 varnish',
27 verbose headers   age: '0',
27 verbose headers   connection: 'keep-alive',
27 verbose headers   'x-served-by': 'cache-sjc3120-SJC',
27 verbose headers   'x-cache': 'MISS',
27 verbose headers   'x-cache-hits': '0',
27 verbose headers   'x-timer': 'S1433761158.037449,VS0,VE86' }
28 silly registry.get cb [ 404,
28 silly registry.get   { server: 'CouchDB/1.5.0 (Erlang OTP/R16B03)',
28 silly registry.get     'content-type': 'application/json',
28 silly registry.get     'cache-control': 'max-age=0',
28 silly registry.get     'content-length': '51',
28 silly registry.get     'accept-ranges': 'bytes',
28 silly registry.get     date: 'Mon, 08 Jun 2015 10:59:18 GMT',
28 silly registry.get     via: '1.1 varnish',
28 silly registry.get     age: '0',
28 silly registry.get     connection: 'keep-alive',
28 silly registry.get     'x-served-by': 'cache-sjc3120-SJC',
28 silly registry.get     'x-cache': 'MISS',
28 silly registry.get     'x-cache-hits': '0',
28 silly registry.get     'x-timer': 'S1433761158.037449,VS0,VE86' } ]
29 silly lockFile 916542fc-Autobahn Autobahn@
30 silly lockFile 916542fc-Autobahn Autobahn@
31 error 404 404 Not Found: Autobahn
31 error 404
31 error 404 'Autobahn' is not in the npm registry.
31 error 404 You should bug the author to publish it
31 error 404
31 error 404 Note that you can also install from a
31 error 404 tarball, folder, or http url, or git url.
32 error System Linux 2.6.32-042stab104.1
33 error command "/usr/local/bin/node" "/usr/local/bin/npm" "install" "Autobahn"
34 error cwd /home/cabox/workspace/leestmeer/Site
35 error node -v v0.10.32
36 error npm -v 1.4.28
37 error code E404
38 verbose exit [ 1, true ]
